<?xml version="1.0" encoding="UTF-8"?>
<!-- Generated by org.testng.reporters.JUnitXMLReporter -->
<testsuite ignored="14" hostname="BSC-PG02E1PB" failures="0" tests="1" name="Default test" time="7.282" errors="0" timestamp="2024-03-01T12:51:14 IST">
  <testcase classname="testpackage.Tutorial" name="Hover" time="0.88"/>
  <testcase classname="testpackage.Tutorial" name="DropDownOpp" time="0.0">
    <ignored/>
  </testcase> <!-- DropDownOpp -->
  <testcase classname="testpackage.Tutorial" name="CheckboxeOperation" time="0.0">
    <ignored/>
  </testcase> <!-- CheckboxeOperation -->
  <testcase classname="testpackage.Tutorial" name="Infinite_Scroll" time="0.0">
    <ignored/>
  </testcase> <!-- Infinite_Scroll -->
  <testcase classname="testpackage.Tutorial" name="DragAndDropopp" time="0.0">
    <ignored/>
  </testcase> <!-- DragAndDropopp -->
  <testcase classname="testpackage.Tutorial" name="Entry_Ad" time="0.0">
    <ignored/>
  </testcase> <!-- Entry_Ad -->
  <testcase classname="testpackage.Tutorial" name="FormAuthontication" time="0.0">
    <ignored/>
  </testcase> <!-- FormAuthontication -->
  <testcase classname="testpackage.Tutorial" name="ClickOpp" time="0.0">
    <ignored/>
  </testcase> <!-- ClickOpp -->
  <testcase classname="testpackage.Tutorial" name="download" time="0.0">
    <ignored/>
  </testcase> <!-- download -->
  <testcase classname="testpackage.Tutorial" name="HorizontalSlider" time="0.0">
    <ignored/>
  </testcase> <!-- HorizontalSlider -->
  <testcase classname="testpackage.Tutorial" name="Upload" time="0.0">
    <ignored/>
  </testcase> <!-- Upload -->
  <testcase classname="testpackage.Tutorial" name="ContextMenuOpp" time="0.0">
    <ignored/>
  </testcase> <!-- ContextMenuOpp -->
  <testcase classname="testpackage.Tutorial" name="FramesConcepts" time="0.0">
    <ignored/>
  </testcase> <!-- FramesConcepts -->
  <testcase classname="testpackage.Tutorial" name="Dynamic_Content" time="0.0">
    <ignored/>
  </testcase> <!-- Dynamic_Content -->
  <testcase classname="testpackage.Tutorial" name="Dynamic_Controls" time="0.0">
    <ignored/>
  </testcase> <!-- Dynamic_Controls -->
</testsuite> <!-- Default test -->
