<?xml version="1.0" encoding="UTF-8"?>
<!-- Generated by org.testng.reporters.JUnitXMLReporter -->
<testsuite ignored="25" hostname="BSC-PG02E1PB" failures="0" tests="1" name="Default test" time="8.685" errors="0" timestamp="2024-03-13T16:38:04 IST">
  <testcase classname="testpackage.Tutorial" name="SortedDataTable" time="1.375"/>
  <testcase classname="testpackage.Tutorial" name="Dynamic_Controls" time="0.0">
    <ignored/>
  </testcase> <!-- Dynamic_Controls -->
  <testcase classname="testpackage.Tutorial" name="ContextMenuOpp" time="0.0">
    <ignored/>
  </testcase> <!-- ContextMenuOpp -->
  <testcase classname="testpackage.Tutorial" name="Upload" time="0.0">
    <ignored/>
  </testcase> <!-- Upload -->
  <testcase classname="testpackage.Tutorial" name="NestedFrames" time="0.0">
    <ignored/>
  </testcase> <!-- NestedFrames -->
  <testcase classname="testpackage.Tutorial" name="LargeandDeepDOM" time="0.0">
    <ignored/>
  </testcase> <!-- LargeandDeepDOM -->
  <testcase classname="testpackage.Tutorial" name="FloatingMenu" time="0.0">
    <ignored/>
  </testcase> <!-- FloatingMenu -->
  <testcase classname="testpackage.Tutorial" name="Multiple_Windows" time="0.0">
    <ignored/>
  </testcase> <!-- Multiple_Windows -->
  <testcase classname="testpackage.Tutorial" name="Dynamic_Content" time="0.0">
    <ignored/>
  </testcase> <!-- Dynamic_Content -->
  <testcase classname="testpackage.Tutorial" name="download" time="0.0">
    <ignored/>
  </testcase> <!-- download -->
  <testcase classname="testpackage.Tutorial" name="ClickOpp" time="0.0">
    <ignored/>
  </testcase> <!-- ClickOpp -->
  <testcase classname="testpackage.Tutorial" name="FramesConcepts" time="0.0">
    <ignored/>
  </testcase> <!-- FramesConcepts -->
  <testcase classname="testpackage.Tutorial" name="GeoLocation" time="0.0">
    <ignored/>
  </testcase> <!-- GeoLocation -->
  <testcase classname="testpackage.Tutorial" name="DragAndDropopp" time="0.0">
    <ignored/>
  </testcase> <!-- DragAndDropopp -->
  <testcase classname="testpackage.Tutorial" name="Infinite_Scroll" time="0.0">
    <ignored/>
  </testcase> <!-- Infinite_Scroll -->
  <testcase classname="testpackage.Tutorial" name="DropDownOpp" time="0.0">
    <ignored/>
  </testcase> <!-- DropDownOpp -->
  <testcase classname="testpackage.Tutorial" name="CheckboxeOperation" time="0.0">
    <ignored/>
  </testcase> <!-- CheckboxeOperation -->
  <testcase classname="testpackage.Tutorial" name="JavascriptAlert" time="0.0">
    <ignored/>
  </testcase> <!-- JavascriptAlert -->
  <testcase classname="testpackage.Tutorial" name="Entry_Ad" time="0.0">
    <ignored/>
  </testcase> <!-- Entry_Ad -->
  <testcase classname="testpackage.Tutorial" name="Hover" time="0.0">
    <ignored/>
  </testcase> <!-- Hover -->
  <testcase classname="testpackage.Tutorial" name="FormAuthontication" time="0.0">
    <ignored/>
  </testcase> <!-- FormAuthontication -->
  <testcase classname="testpackage.Tutorial" name="RediredLink" time="0.0">
    <ignored/>
  </testcase> <!-- RediredLink -->
  <testcase classname="testpackage.Tutorial" name="Shadow_DOM" time="0.0">
    <ignored/>
  </testcase> <!-- Shadow_DOM -->
  <testcase classname="testpackage.Tutorial" name="Key_Presses" time="0.0">
    <ignored/>
  </testcase> <!-- Key_Presses -->
  <testcase classname="testpackage.Tutorial" name="NotificationMessages" time="0.0">
    <ignored/>
  </testcase> <!-- NotificationMessages -->
  <testcase classname="testpackage.Tutorial" name="HorizontalSlider" time="0.0">
    <ignored/>
  </testcase> <!-- HorizontalSlider -->
</testsuite> <!-- Default test -->
