<?xml version="1.0" encoding="UTF-8"?>
<testng-results ignored="0" total="1" passed="1" failed="0" skipped="0">
  <reporter-output>
  </reporter-output>
  <suite started-at="2024-03-13T16:37:55 IST" name="Default suite" finished-at="2024-03-13T16:38:04 IST" duration-ms="8685">
    <groups>
    </groups>
    <test started-at="2024-03-13T16:37:55 IST" name="Default test" finished-at="2024-03-13T16:38:04 IST" duration-ms="8685">
      <class name="testpackage.Tutorial">
        <test-method is-config="true" signature="initialize()[pri:0, instance:testpackage.Tutorial@40a4337a]" started-at="2024-03-13T16:37:55 IST" name="initialize" finished-at="2024-03-13T16:38:03 IST" duration-ms="7254" status="PASS">
          <reporter-output>
          </reporter-output>
        </test-method> <!-- initialize -->
        <test-method signature="SortedDataTable()[pri:0, instance:testpackage.Tutorial@40a4337a]" started-at="2024-03-13T16:38:03 IST" name="SortedDataTable" finished-at="2024-03-13T16:38:04 IST" duration-ms="1375" status="PASS">
          <reporter-output>
          </reporter-output>
        </test-method> <!-- SortedDataTable -->
      </class> <!-- testpackage.Tutorial -->
    </test> <!-- Default test -->
  </suite> <!-- Default suite -->
</testng-results>
