<?xml version="1.0" encoding="UTF-8"?>
<testng-results ignored="0" total="1" passed="1" failed="0" skipped="0">
  <reporter-output>
  </reporter-output>
  <suite started-at="2024-03-01T12:51:06 IST" name="Default suite" finished-at="2024-03-01T12:51:14 IST" duration-ms="7282">
    <groups>
    </groups>
    <test started-at="2024-03-01T12:51:06 IST" name="Default test" finished-at="2024-03-01T12:51:14 IST" duration-ms="7282">
      <class name="testpackage.Tutorial">
        <test-method is-config="true" signature="initialize()[pri:0, instance:testpackage.Tutorial@292b08d6]" started-at="2024-03-01T12:51:07 IST" name="initialize" finished-at="2024-03-01T12:51:13 IST" duration-ms="6299" status="PASS">
          <reporter-output>
          </reporter-output>
        </test-method> <!-- initialize -->
        <test-method signature="Hover()[pri:0, instance:testpackage.Tutorial@292b08d6]" started-at="2024-03-01T12:51:13 IST" name="Hover" finished-at="2024-03-01T12:51:14 IST" duration-ms="880" status="PASS">
          <reporter-output>
          </reporter-output>
        </test-method> <!-- Hover -->
      </class> <!-- testpackage.Tutorial -->
    </test> <!-- Default test -->
  </suite> <!-- Default suite -->
</testng-results>
