<?xml version="1.0" encoding="UTF-8"?>
<testng-results ignored="0" total="1" passed="1" failed="0" skipped="0">
  <reporter-output>
  </reporter-output>
  <suite started-at="2024-02-14T16:21:24 IST" name="Default suite" finished-at="2024-02-14T16:21:36 IST" duration-ms="12281">
    <groups>
    </groups>
    <test started-at="2024-02-14T16:21:24 IST" name="Default test" finished-at="2024-02-14T16:21:36 IST" duration-ms="12281">
      <class name="test.navigateRefreshFowardprogram">
        <test-method is-config="true" signature="setup()[pri:0, instance:test.navigateRefreshFowardprogram@5b239d7d]" started-at="2024-02-14T16:21:24 IST" name="setup" finished-at="2024-02-14T16:21:26 IST" duration-ms="2285" status="PASS">
          <reporter-output>
          </reporter-output>
        </test-method> <!-- setup -->
        <test-method signature="navigate()[pri:0, instance:test.navigateRefreshFowardprogram@5b239d7d]" started-at="2024-02-14T16:21:26 IST" name="navigate" finished-at="2024-02-14T16:21:36 IST" duration-ms="9930" status="PASS">
          <reporter-output>
          </reporter-output>
        </test-method> <!-- navigate -->
      </class> <!-- test.navigateRefreshFowardprogram -->
    </test> <!-- Default test -->
  </suite> <!-- Default suite -->
</testng-results>
