<?xml version="1.0" encoding="UTF-8"?>
<testng-results ignored="0" total="1" passed="1" failed="0" skipped="0">
  <reporter-output>
  </reporter-output>
  <suite started-at="2024-03-07T12:05:29 IST" name="Default suite" finished-at="2024-03-07T12:05:34 IST" duration-ms="5671">
    <groups>
    </groups>
    <test started-at="2024-03-07T12:05:29 IST" name="Default test" finished-at="2024-03-07T12:05:34 IST" duration-ms="5671">
      <class name="test.Upload">
        <test-method is-config="true" signature="setup()[pri:0, instance:test.Upload@52bf72b5]" started-at="2024-03-07T12:05:29 IST" name="setup" finished-at="2024-03-07T12:05:33 IST" duration-ms="4110" status="PASS">
          <reporter-output>
          </reporter-output>
        </test-method> <!-- setup -->
        <test-method signature="upload()[pri:0, instance:test.Upload@52bf72b5]" started-at="2024-03-07T12:05:33 IST" name="upload" finished-at="2024-03-07T12:05:34 IST" duration-ms="1479" status="PASS">
          <reporter-output>
          </reporter-output>
        </test-method> <!-- upload -->
      </class> <!-- test.Upload -->
    </test> <!-- Default test -->
  </suite> <!-- Default suite -->
</testng-results>
